2013/01/31 10:17:10 [error] [exception.CDbException] exception 'CDbException' with message 'CDbConnection failed to open the DB connection: SQLSTATE[HY000] [1045] Access denied for user 'root'@'localhost' (using password: YES)' in C:\xampp\htdocs\yii\framework\db\CDbConnection.php:382
Stack trace:
#0 C:\xampp\htdocs\yii\framework\db\CDbConnection.php(331): CDbConnection->open()
#1 C:\xampp\htdocs\yii\framework\db\CDbConnection.php(309): CDbConnection->setActive(true)
#2 C:\xampp\htdocs\yii\framework\base\CModule.php(388): CDbConnection->init()
#3 C:\xampp\htdocs\yii\framework\base\CApplication.php(431): CModule->getComponent('db')
#4 C:\xampp\htdocs\yii\framework\db\ar\CActiveRecord.php(624): CApplication->getDb()
#5 C:\xampp\htdocs\yii\framework\db\ar\CActiveRecord.php(2311): CActiveRecord->getDbConnection()
#6 C:\xampp\htdocs\yii\framework\db\ar\CActiveRecord.php(388): CActiveRecordMetaData->__construct(Object(User))
#7 C:\xampp\htdocs\xsis_entrance_exam\protected\modules\user\models\User.php(28): CActiveRecord::model('User')
#8 C:\xampp\htdocs\xsis_entrance_exam\protected\modules\user\components\UserIdentity.php(27): User::model()
#9 C:\xampp\htdocs\xsis_entrance_exam\protected\models\LoginForm.php(52): UserIdentity->authenticate()
#10 C:\xampp\htdocs\yii\framework\validators\CInlineValidator.php(43): LoginForm->authenticate('password', Array)
#11 C:\xampp\htdocs\yii\framework\validators\CValidator.php(214): CInlineValidator->validateAttribute(Object(LoginForm), 'password')
#12 C:\xampp\htdocs\yii\framework\base\CModel.php(158): CValidator->validate(Object(LoginForm), NULL)
#13 C:\xampp\htdocs\xsis_entrance_exam\protected\controllers\SiteController.php(95): CModel->validate()
#14 C:\xampp\htdocs\yii\framework\web\actions\CInlineAction.php(50): SiteController->actionLogin()
#15 C:\xampp\htdocs\yii\framework\web\CController.php(309): CInlineAction->runWithParams(Array)
#16 C:\xampp\htdocs\yii\framework\web\CController.php(287): CController->runAction(Object(CInlineAction))
#17 C:\xampp\htdocs\yii\framework\web\CController.php(266): CController->runActionWithFilters(Object(CInlineAction), Array)
#18 C:\xampp\htdocs\yii\framework\web\CWebApplication.php(283): CController->run('')
#19 C:\xampp\htdocs\yii\framework\web\CWebApplication.php(142): CWebApplication->runController('')
#20 C:\xampp\htdocs\yii\framework\base\CApplication.php(162): CWebApplication->processRequest()
#21 C:\xampp\htdocs\xsis_entrance_exam\index.php(13): CApplication->run()
#22 {main}
REQUEST_URI=/xsis_entrance_exam/
HTTP_REFERER=http://localhost/xsis_entrance_exam/
---
2013/01/31 10:56:58 [error] [system.db.CDbCommand] CDbCommand::fetchAll() failed: SQLSTATE[42S02]: Base table or view not found: 1146 Table 'apartemen.candidat' doesn't exist. The SQL statement executed was: SHOW COLUMNS FROM `candidat`.
in C:\xampp\htdocs\xsis_entrance_exam\protected\controllers\CandidatController.php (110)
in C:\xampp\htdocs\xsis_entrance_exam\protected\modules\rights\components\RController.php (36)
in C:\xampp\htdocs\xsis_entrance_exam\index.php (13)
2013/01/31 10:56:58 [error] [exception.CDbException] exception 'CDbException' with message 'The table "candidat" for active record class "Candidat" cannot be found in the database.' in C:\xampp\htdocs\yii\framework\db\ar\CActiveRecord.php:2312
Stack trace:
#0 C:\xampp\htdocs\yii\framework\db\ar\CActiveRecord.php(388): CActiveRecordMetaData->__construct(Object(Candidat))
#1 C:\xampp\htdocs\yii\framework\db\ar\CActiveRecord.php(403): CActiveRecord::model('Candidat')
#2 C:\xampp\htdocs\yii\framework\db\ar\CActiveRecord.php(78): CActiveRecord->getMetaData()
#3 C:\xampp\htdocs\xsis_entrance_exam\protected\controllers\CandidatController.php(110): CActiveRecord->__construct('search')
#4 C:\xampp\htdocs\yii\framework\web\actions\CInlineAction.php(50): CandidatController->actionAdmin()
#5 C:\xampp\htdocs\yii\framework\web\CController.php(309): CInlineAction->runWithParams(Array)
#6 C:\xampp\htdocs\yii\framework\web\filters\CFilterChain.php(134): CController->runAction(Object(CInlineAction))
#7 C:\xampp\htdocs\yii\framework\web\filters\CFilter.php(41): CFilterChain->run()
#8 C:\xampp\htdocs\xsis_entrance_exam\protected\modules\rights\components\RController.php(36): CFilter->filter(Object(CFilterChain))
#9 C:\xampp\htdocs\yii\framework\web\filters\CInlineFilter.php(59): RController->filterRights(Object(CFilterChain))
#10 C:\xampp\htdocs\yii\framework\web\filters\CFilterChain.php(131): CInlineFilter->filter(Object(CFilterChain))
#11 C:\xampp\htdocs\yii\framework\web\CController.php(292): CFilterChain->run()
#12 C:\xampp\htdocs\yii\framework\web\CController.php(266): CController->runActionWithFilters(Object(CInlineAction), Array)
#13 C:\xampp\htdocs\yii\framework\web\CWebApplication.php(283): CController->run('admin')
#14 C:\xampp\htdocs\yii\framework\web\CWebApplication.php(142): CWebApplication->runController('candidat/admin')
#15 C:\xampp\htdocs\yii\framework\base\CApplication.php(162): CWebApplication->processRequest()
#16 C:\xampp\htdocs\xsis_entrance_exam\index.php(13): CApplication->run()
#17 {main}
REQUEST_URI=/xsis_entrance_exam/index.php/candidat/admin
HTTP_REFERER=http://localhost/xsis_entrance_exam/index.php/site/index
---
2013/01/31 13:54:57 [error] [exception.CHttpException.404] exception 'CHttpException' with message 'Unable to resolve the request "question/create".' in C:\xampp\htdocs\yii\framework\web\CWebApplication.php:287
Stack trace:
#0 C:\xampp\htdocs\yii\framework\web\CWebApplication.php(142): CWebApplication->runController('question/create')
#1 C:\xampp\htdocs\yii\framework\base\CApplication.php(162): CWebApplication->processRequest()
#2 C:\xampp\htdocs\manajemen-apartemen\index.php(13): CApplication->run()
#3 {main}
REQUEST_URI=/manajemen-apartemen/index.php/question/create
HTTP_REFERER=http://localhost/manajemen-apartemen/index.php/jenisUnit/admin
---
2013/02/07 03:09:03 [error] [exception.CHttpException.404] exception 'CHttpException' with message 'Unable to resolve the request "GedungController/create".' in C:\xampp\htdocs\yii\framework\web\CWebApplication.php:287
Stack trace:
#0 C:\xampp\htdocs\yii\framework\web\CWebApplication.php(142): CWebApplication->runController('GedungControlle...')
#1 C:\xampp\htdocs\yii\framework\base\CApplication.php(162): CWebApplication->processRequest()
#2 C:\xampp\htdocs\manajemen-apartemen\index.php(13): CApplication->run()
#3 {main}
REQUEST_URI=/manajemen-apartemen/index.php/GedungController/create
HTTP_REFERER=http://localhost/manajemen-apartemen/index.php/Gedung/admin
---
2013/02/07 03:11:06 [error] [exception.CHttpException.404] exception 'CHttpException' with message 'Unable to resolve the request "GedungController/create".' in C:\xampp\htdocs\yii\framework\web\CWebApplication.php:287
Stack trace:
#0 C:\xampp\htdocs\yii\framework\web\CWebApplication.php(142): CWebApplication->runController('GedungControlle...')
#1 C:\xampp\htdocs\yii\framework\base\CApplication.php(162): CWebApplication->processRequest()
#2 C:\xampp\htdocs\manajemen-apartemen\index.php(13): CApplication->run()
#3 {main}
REQUEST_URI=/manajemen-apartemen/index.php/GedungController/create
HTTP_REFERER=http://localhost/manajemen-apartemen/index.php/Gedung/admin
---
2013/02/07 05:27:47 [error] [exception.CException] exception 'CException' with message 'Property "JenisIdentitas.penghuni_id" is not defined.' in C:\xampp\htdocs\yii\framework\base\CComponent.php:131
Stack trace:
#0 C:\xampp\htdocs\yii\framework\db\ar\CActiveRecord.php(144): CComponent->__get('penghuni_id')
#1 C:\xampp\htdocs\yii\framework\web\helpers\CHtml.php(1809): CActiveRecord->__get('penghuni_id')
#2 C:\xampp\htdocs\yii\framework\web\helpers\CHtml.php(1772): CHtml::value(Object(JenisIdentitas), 'penghuni_id')
#3 C:\xampp\htdocs\manajemen-apartemen\protected\views\penghuniUnitHistory\_form.php(26): CHtml::listData(Array, 'penghuni_id', 'nama_penghuni')
#4 C:\xampp\htdocs\yii\framework\web\CBaseController.php(127): require('C:\xampp\htdocs...')
#5 C:\xampp\htdocs\yii\framework\web\CBaseController.php(96): CBaseController->renderInternal('C:\xampp\htdocs...', Array, true)
#6 C:\xampp\htdocs\yii\framework\web\CController.php(870): CBaseController->renderFile('C:\xampp\htdocs...', Array, true)
#7 C:\xampp\htdocs\manajemen-apartemen\protected\views\penghuniUnitHistory\create.php(18): CController->renderPartial('_form', Array)
#8 C:\xampp\htdocs\yii\framework\web\CBaseController.php(127): require('C:\xampp\htdocs...')
#9 C:\xampp\htdocs\yii\framework\web\CBaseController.php(96): CBaseController->renderInternal('C:\xampp\htdocs...', Array, true)
#10 C:\xampp\htdocs\yii\framework\web\CController.php(870): CBaseController->renderFile('C:\xampp\htdocs...', Array, true)
#11 C:\xampp\htdocs\yii\framework\web\CController.php(783): CController->renderPartial('create', Array, true)
#12 C:\xampp\htdocs\manajemen-apartemen\protected\controllers\PenghuniUnitHistoryController.php(79): CController->render('create', Array)
#13 C:\xampp\htdocs\yii\framework\web\actions\CInlineAction.php(50): PenghuniUnitHistoryController->actionCreate()
#14 C:\xampp\htdocs\yii\framework\web\CController.php(309): CInlineAction->runWithParams(Array)
#15 C:\xampp\htdocs\yii\framework\web\filters\CFilterChain.php(134): CController->runAction(Object(CInlineAction))
#16 C:\xampp\htdocs\yii\framework\web\filters\CFilter.php(41): CFilterChain->run()
#17 C:\xampp\htdocs\yii\framework\web\CController.php(1146): CFilter->filter(Object(CFilterChain))
#18 C:\xampp\htdocs\yii\framework\web\filters\CInlineFilter.php(59): CController->filterAccessControl(Object(CFilterChain))
#19 C:\xampp\htdocs\yii\framework\web\filters\CFilterChain.php(131): CInlineFilter->filter(Object(CFilterChain))
#20 C:\xampp\htdocs\yii\framework\web\CController.php(292): CFilterChain->run()
#21 C:\xampp\htdocs\yii\framework\web\CController.php(266): CController->runActionWithFilters(Object(CInlineAction), Array)
#22 C:\xampp\htdocs\yii\framework\web\CWebApplication.php(283): CController->run('create')
#23 C:\xampp\htdocs\yii\framework\web\CWebApplication.php(142): CWebApplication->runController('penghuniUnitHis...')
#24 C:\xampp\htdocs\yii\framework\base\CApplication.php(162): CWebApplication->processRequest()
#25 C:\xampp\htdocs\manajemen-apartemen\index.php(13): CApplication->run()
#26 {main}
REQUEST_URI=/manajemen-apartemen/index.php/penghuniUnitHistory/create
HTTP_REFERER=http://localhost/manajemen-apartemen/index.php/penghuniUnitHistory/admin
---
2013/02/07 05:44:31 [error] [exception.CException] exception 'CException' with message 'Property "JenisIdentitas.penghuni_id" is not defined.' in C:\xampp\htdocs\yii\framework\base\CComponent.php:131
Stack trace:
#0 C:\xampp\htdocs\yii\framework\db\ar\CActiveRecord.php(144): CComponent->__get('penghuni_id')
#1 C:\xampp\htdocs\yii\framework\web\helpers\CHtml.php(1809): CActiveRecord->__get('penghuni_id')
#2 C:\xampp\htdocs\yii\framework\web\helpers\CHtml.php(1772): CHtml::value(Object(JenisIdentitas), 'penghuni_id')
#3 C:\xampp\htdocs\manajemen-apartemen\protected\views\penghuniUnitHistory\_form.php(26): CHtml::listData(Array, 'penghuni_id', 'nama_penghuni')
#4 C:\xampp\htdocs\yii\framework\web\CBaseController.php(127): require('C:\xampp\htdocs...')
#5 C:\xampp\htdocs\yii\framework\web\CBaseController.php(96): CBaseController->renderInternal('C:\xampp\htdocs...', Array, true)
#6 C:\xampp\htdocs\yii\framework\web\CController.php(870): CBaseController->renderFile('C:\xampp\htdocs...', Array, true)
#7 C:\xampp\htdocs\manajemen-apartemen\protected\views\penghuniUnitHistory\create.php(18): CController->renderPartial('_form', Array)
#8 C:\xampp\htdocs\yii\framework\web\CBaseController.php(127): require('C:\xampp\htdocs...')
#9 C:\xampp\htdocs\yii\framework\web\CBaseController.php(96): CBaseController->renderInternal('C:\xampp\htdocs...', Array, true)
#10 C:\xampp\htdocs\yii\framework\web\CController.php(870): CBaseController->renderFile('C:\xampp\htdocs...', Array, true)
#11 C:\xampp\htdocs\yii\framework\web\CController.php(783): CController->renderPartial('create', Array, true)
#12 C:\xampp\htdocs\manajemen-apartemen\protected\controllers\PenghuniUnitHistoryController.php(79): CController->render('create', Array)
#13 C:\xampp\htdocs\yii\framework\web\actions\CInlineAction.php(50): PenghuniUnitHistoryController->actionCreate()
#14 C:\xampp\htdocs\yii\framework\web\CController.php(309): CInlineAction->runWithParams(Array)
#15 C:\xampp\htdocs\yii\framework\web\filters\CFilterChain.php(134): CController->runAction(Object(CInlineAction))
#16 C:\xampp\htdocs\yii\framework\web\filters\CFilter.php(41): CFilterChain->run()
#17 C:\xampp\htdocs\yii\framework\web\CController.php(1146): CFilter->filter(Object(CFilterChain))
#18 C:\xampp\htdocs\yii\framework\web\filters\CInlineFilter.php(59): CController->filterAccessControl(Object(CFilterChain))
#19 C:\xampp\htdocs\yii\framework\web\filters\CFilterChain.php(131): CInlineFilter->filter(Object(CFilterChain))
#20 C:\xampp\htdocs\yii\framework\web\CController.php(292): CFilterChain->run()
#21 C:\xampp\htdocs\yii\framework\web\CController.php(266): CController->runActionWithFilters(Object(CInlineAction), Array)
#22 C:\xampp\htdocs\yii\framework\web\CWebApplication.php(283): CController->run('create')
#23 C:\xampp\htdocs\yii\framework\web\CWebApplication.php(142): CWebApplication->runController('penghuniUnitHis...')
#24 C:\xampp\htdocs\yii\framework\base\CApplication.php(162): CWebApplication->processRequest()
#25 C:\xampp\htdocs\manajemen-apartemen\index.php(13): CApplication->run()
#26 {main}
REQUEST_URI=/manajemen-apartemen/index.php/penghuniUnitHistory/create
HTTP_REFERER=http://localhost/manajemen-apartemen/index.php/penghuniUnitHistory/admin
---
2013/02/07 05:44:45 [error] [exception.CException] exception 'CException' with message 'Property "JenisIdentitas.penghuni_id" is not defined.' in C:\xampp\htdocs\yii\framework\base\CComponent.php:131
Stack trace:
#0 C:\xampp\htdocs\yii\framework\db\ar\CActiveRecord.php(144): CComponent->__get('penghuni_id')
#1 C:\xampp\htdocs\yii\framework\web\helpers\CHtml.php(1809): CActiveRecord->__get('penghuni_id')
#2 C:\xampp\htdocs\yii\framework\web\helpers\CHtml.php(1772): CHtml::value(Object(JenisIdentitas), 'penghuni_id')
#3 C:\xampp\htdocs\manajemen-apartemen\protected\views\penghuniUnitHistory\_form.php(26): CHtml::listData(Array, 'penghuni_id', 'nama_penghuni')
#4 C:\xampp\htdocs\yii\framework\web\CBaseController.php(127): require('C:\xampp\htdocs...')
#5 C:\xampp\htdocs\yii\framework\web\CBaseController.php(96): CBaseController->renderInternal('C:\xampp\htdocs...', Array, true)
#6 C:\xampp\htdocs\yii\framework\web\CController.php(870): CBaseController->renderFile('C:\xampp\htdocs...', Array, true)
#7 C:\xampp\htdocs\manajemen-apartemen\protected\views\penghuniUnitHistory\create.php(18): CController->renderPartial('_form', Array)
#8 C:\xampp\htdocs\yii\framework\web\CBaseController.php(127): require('C:\xampp\htdocs...')
#9 C:\xampp\htdocs\yii\framework\web\CBaseController.php(96): CBaseController->renderInternal('C:\xampp\htdocs...', Array, true)
#10 C:\xampp\htdocs\yii\framework\web\CController.php(870): CBaseController->renderFile('C:\xampp\htdocs...', Array, true)
#11 C:\xampp\htdocs\yii\framework\web\CController.php(783): CController->renderPartial('create', Array, true)
#12 C:\xampp\htdocs\manajemen-apartemen\protected\controllers\PenghuniUnitHistoryController.php(79): CController->render('create', Array)
#13 C:\xampp\htdocs\yii\framework\web\actions\CInlineAction.php(50): PenghuniUnitHistoryController->actionCreate()
#14 C:\xampp\htdocs\yii\framework\web\CController.php(309): CInlineAction->runWithParams(Array)
#15 C:\xampp\htdocs\yii\framework\web\filters\CFilterChain.php(134): CController->runAction(Object(CInlineAction))
#16 C:\xampp\htdocs\yii\framework\web\filters\CFilter.php(41): CFilterChain->run()
#17 C:\xampp\htdocs\yii\framework\web\CController.php(1146): CFilter->filter(Object(CFilterChain))
#18 C:\xampp\htdocs\yii\framework\web\filters\CInlineFilter.php(59): CController->filterAccessControl(Object(CFilterChain))
#19 C:\xampp\htdocs\yii\framework\web\filters\CFilterChain.php(131): CInlineFilter->filter(Object(CFilterChain))
#20 C:\xampp\htdocs\yii\framework\web\CController.php(292): CFilterChain->run()
#21 C:\xampp\htdocs\yii\framework\web\CController.php(266): CController->runActionWithFilters(Object(CInlineAction), Array)
#22 C:\xampp\htdocs\yii\framework\web\CWebApplication.php(283): CController->run('create')
#23 C:\xampp\htdocs\yii\framework\web\CWebApplication.php(142): CWebApplication->runController('penghuniUnitHis...')
#24 C:\xampp\htdocs\yii\framework\base\CApplication.php(162): CWebApplication->processRequest()
#25 C:\xampp\htdocs\manajemen-apartemen\index.php(13): CApplication->run()
#26 {main}
REQUEST_URI=/manajemen-apartemen/index.php/penghuniUnitHistory/create
HTTP_REFERER=http://localhost/manajemen-apartemen/index.php/penghuniUnitHistory/admin
---
2013/02/07 05:45:44 [error] [exception.CException] exception 'CException' with message 'Property "JenisIdentitas.penghuni_id" is not defined.' in C:\xampp\htdocs\yii\framework\base\CComponent.php:131
Stack trace:
#0 C:\xampp\htdocs\yii\framework\db\ar\CActiveRecord.php(144): CComponent->__get('penghuni_id')
#1 C:\xampp\htdocs\yii\framework\web\helpers\CHtml.php(1809): CActiveRecord->__get('penghuni_id')
#2 C:\xampp\htdocs\yii\framework\web\helpers\CHtml.php(1772): CHtml::value(Object(JenisIdentitas), 'penghuni_id')
#3 C:\xampp\htdocs\manajemen-apartemen\protected\views\penghuniUnitHistory\_form.php(26): CHtml::listData(Array, 'penghuni_id', 'nama_penghuni')
#4 C:\xampp\htdocs\yii\framework\web\CBaseController.php(127): require('C:\xampp\htdocs...')
#5 C:\xampp\htdocs\yii\framework\web\CBaseController.php(96): CBaseController->renderInternal('C:\xampp\htdocs...', Array, true)
#6 C:\xampp\htdocs\yii\framework\web\CController.php(870): CBaseController->renderFile('C:\xampp\htdocs...', Array, true)
#7 C:\xampp\htdocs\manajemen-apartemen\protected\views\penghuniUnitHistory\create.php(18): CController->renderPartial('_form', Array)
#8 C:\xampp\htdocs\yii\framework\web\CBaseController.php(127): require('C:\xampp\htdocs...')
#9 C:\xampp\htdocs\yii\framework\web\CBaseController.php(96): CBaseController->renderInternal('C:\xampp\htdocs...', Array, true)
#10 C:\xampp\htdocs\yii\framework\web\CController.php(870): CBaseController->renderFile('C:\xampp\htdocs...', Array, true)
#11 C:\xampp\htdocs\yii\framework\web\CController.php(783): CController->renderPartial('create', Array, true)
#12 C:\xampp\htdocs\manajemen-apartemen\protected\controllers\PenghuniUnitHistoryController.php(79): CController->render('create', Array)
#13 C:\xampp\htdocs\yii\framework\web\actions\CInlineAction.php(50): PenghuniUnitHistoryController->actionCreate()
#14 C:\xampp\htdocs\yii\framework\web\CController.php(309): CInlineAction->runWithParams(Array)
#15 C:\xampp\htdocs\yii\framework\web\filters\CFilterChain.php(134): CController->runAction(Object(CInlineAction))
#16 C:\xampp\htdocs\yii\framework\web\filters\CFilter.php(41): CFilterChain->run()
#17 C:\xampp\htdocs\yii\framework\web\CController.php(1146): CFilter->filter(Object(CFilterChain))
#18 C:\xampp\htdocs\yii\framework\web\filters\CInlineFilter.php(59): CController->filterAccessControl(Object(CFilterChain))
#19 C:\xampp\htdocs\yii\framework\web\filters\CFilterChain.php(131): CInlineFilter->filter(Object(CFilterChain))
#20 C:\xampp\htdocs\yii\framework\web\CController.php(292): CFilterChain->run()
#21 C:\xampp\htdocs\yii\framework\web\CController.php(266): CController->runActionWithFilters(Object(CInlineAction), Array)
#22 C:\xampp\htdocs\yii\framework\web\CWebApplication.php(283): CController->run('create')
#23 C:\xampp\htdocs\yii\framework\web\CWebApplication.php(142): CWebApplication->runController('penghuniUnitHis...')
#24 C:\xampp\htdocs\yii\framework\base\CApplication.php(162): CWebApplication->processRequest()
#25 C:\xampp\htdocs\manajemen-apartemen\index.php(13): CApplication->run()
#26 {main}
REQUEST_URI=/manajemen-apartemen/index.php/penghuniUnitHistory/create
HTTP_REFERER=http://localhost/manajemen-apartemen/index.php/penghuniUnitHistory/admin
---
2013/02/07 05:49:41 [error] [exception.CException] exception 'CException' with message 'Property "JenisIdentitas.penghuni_id" is not defined.' in C:\xampp\htdocs\yii\framework\base\CComponent.php:131
Stack trace:
#0 C:\xampp\htdocs\yii\framework\db\ar\CActiveRecord.php(144): CComponent->__get('penghuni_id')
#1 C:\xampp\htdocs\yii\framework\web\helpers\CHtml.php(1809): CActiveRecord->__get('penghuni_id')
#2 C:\xampp\htdocs\yii\framework\web\helpers\CHtml.php(1772): CHtml::value(Object(JenisIdentitas), 'penghuni_id')
#3 C:\xampp\htdocs\manajemen-apartemen\protected\views\penghuniUnitHistory\_form.php(26): CHtml::listData(Array, 'penghuni_id', 'nama_depan')
#4 C:\xampp\htdocs\yii\framework\web\CBaseController.php(127): require('C:\xampp\htdocs...')
#5 C:\xampp\htdocs\yii\framework\web\CBaseController.php(96): CBaseController->renderInternal('C:\xampp\htdocs...', Array, true)
#6 C:\xampp\htdocs\yii\framework\web\CController.php(870): CBaseController->renderFile('C:\xampp\htdocs...', Array, true)
#7 C:\xampp\htdocs\manajemen-apartemen\protected\views\penghuniUnitHistory\create.php(18): CController->renderPartial('_form', Array)
#8 C:\xampp\htdocs\yii\framework\web\CBaseController.php(127): require('C:\xampp\htdocs...')
#9 C:\xampp\htdocs\yii\framework\web\CBaseController.php(96): CBaseController->renderInternal('C:\xampp\htdocs...', Array, true)
#10 C:\xampp\htdocs\yii\framework\web\CController.php(870): CBaseController->renderFile('C:\xampp\htdocs...', Array, true)
#11 C:\xampp\htdocs\yii\framework\web\CController.php(783): CController->renderPartial('create', Array, true)
#12 C:\xampp\htdocs\manajemen-apartemen\protected\controllers\PenghuniUnitHistoryController.php(79): CController->render('create', Array)
#13 C:\xampp\htdocs\yii\framework\web\actions\CInlineAction.php(50): PenghuniUnitHistoryController->actionCreate()
#14 C:\xampp\htdocs\yii\framework\web\CController.php(309): CInlineAction->runWithParams(Array)
#15 C:\xampp\htdocs\yii\framework\web\filters\CFilterChain.php(134): CController->runAction(Object(CInlineAction))
#16 C:\xampp\htdocs\yii\framework\web\filters\CFilter.php(41): CFilterChain->run()
#17 C:\xampp\htdocs\yii\framework\web\CController.php(1146): CFilter->filter(Object(CFilterChain))
#18 C:\xampp\htdocs\yii\framework\web\filters\CInlineFilter.php(59): CController->filterAccessControl(Object(CFilterChain))
#19 C:\xampp\htdocs\yii\framework\web\filters\CFilterChain.php(131): CInlineFilter->filter(Object(CFilterChain))
#20 C:\xampp\htdocs\yii\framework\web\CController.php(292): CFilterChain->run()
#21 C:\xampp\htdocs\yii\framework\web\CController.php(266): CController->runActionWithFilters(Object(CInlineAction), Array)
#22 C:\xampp\htdocs\yii\framework\web\CWebApplication.php(283): CController->run('create')
#23 C:\xampp\htdocs\yii\framework\web\CWebApplication.php(142): CWebApplication->runController('penghuniUnitHis...')
#24 C:\xampp\htdocs\yii\framework\base\CApplication.php(162): CWebApplication->processRequest()
#25 C:\xampp\htdocs\manajemen-apartemen\index.php(13): CApplication->run()
#26 {main}
REQUEST_URI=/manajemen-apartemen/index.php/penghuniUnitHistory/create
HTTP_REFERER=http://localhost/manajemen-apartemen/index.php/penghuniUnitHistory/admin
---
2013/02/07 06:50:13 [error] [exception.CDbException] exception 'CDbException' with message 'Relation "nama_penghunis" is not defined in active record class "PenghuniUnitHistory".' in C:\xampp\htdocs\yii\framework\db\ar\CActiveFinder.php:216
Stack trace:
#0 C:\xampp\htdocs\yii\framework\db\ar\CActiveFinder.php(280): CActiveFinder->buildJoinTree(Object(CJoinElement), 'nama_penghunis')
#1 C:\xampp\htdocs\yii\framework\db\ar\CActiveFinder.php(49): CActiveFinder->buildJoinTree(Object(CJoinElement), Array)
#2 C:\xampp\htdocs\yii\framework\db\ar\CActiveRecord.php(1543): CActiveFinder->__construct(Object(PenghuniUnitHistory), Array)
#3 C:\xampp\htdocs\yii\framework\web\CActiveDataProvider.php(179): CActiveRecord->count(Object(CDbCriteria))
#4 C:\xampp\htdocs\yii\framework\web\CDataProvider.php(193): CActiveDataProvider->calculateTotalItemCount()
#5 C:\xampp\htdocs\yii\framework\web\CActiveDataProvider.php(129): CDataProvider->getTotalItemCount()
#6 C:\xampp\htdocs\yii\framework\web\CDataProvider.php(137): CActiveDataProvider->fetchData()
#7 C:\xampp\htdocs\yii\framework\zii\widgets\CBaseListView.php(108): CDataProvider->getData()
#8 C:\xampp\htdocs\yii\framework\zii\widgets\grid\CGridView.php(289): CBaseListView->init()
#9 C:\xampp\htdocs\yii\framework\web\CBaseController.php(148): CGridView->init()
#10 C:\xampp\htdocs\yii\framework\web\CBaseController.php(173): CBaseController->createWidget('zii.widgets.gri...', Array)
#11 C:\xampp\htdocs\manajemen-apartemen\protected\views\penghuniUnitHistory\admin.php(66): CBaseController->widget('zii.widgets.gri...', Array)
#12 C:\xampp\htdocs\yii\framework\web\CBaseController.php(127): require('C:\xampp\htdocs...')
#13 C:\xampp\htdocs\yii\framework\web\CBaseController.php(96): CBaseController->renderInternal('C:\xampp\htdocs...', Array, true)
#14 C:\xampp\htdocs\yii\framework\web\CController.php(870): CBaseController->renderFile('C:\xampp\htdocs...', Array, true)
#15 C:\xampp\htdocs\yii\framework\web\CController.php(783): CController->renderPartial('admin', Array, true)
#16 C:\xampp\htdocs\manajemen-apartemen\protected\controllers\PenghuniUnitHistoryController.php(143): CController->render('admin', Array)
#17 C:\xampp\htdocs\yii\framework\web\actions\CInlineAction.php(50): PenghuniUnitHistoryController->actionAdmin()
#18 C:\xampp\htdocs\yii\framework\web\CController.php(309): CInlineAction->runWithParams(Array)
#19 C:\xampp\htdocs\yii\framework\web\filters\CFilterChain.php(134): CController->runAction(Object(CInlineAction))
#20 C:\xampp\htdocs\yii\framework\web\filters\CFilter.php(41): CFilterChain->run()
#21 C:\xampp\htdocs\yii\framework\web\CController.php(1146): CFilter->filter(Object(CFilterChain))
#22 C:\xampp\htdocs\yii\framework\web\filters\CInlineFilter.php(59): CController->filterAccessControl(Object(CFilterChain))
#23 C:\xampp\htdocs\yii\framework\web\filters\CFilterChain.php(131): CInlineFilter->filter(Object(CFilterChain))
#24 C:\xampp\htdocs\yii\framework\web\CController.php(292): CFilterChain->run()
#25 C:\xampp\htdocs\yii\framework\web\CController.php(266): CController->runActionWithFilters(Object(CInlineAction), Array)
#26 C:\xampp\htdocs\yii\framework\web\CWebApplication.php(283): CController->run('admin')
#27 C:\xampp\htdocs\yii\framework\web\CWebApplication.php(142): CWebApplication->runController('penghuniUnitHis...')
#28 C:\xampp\htdocs\yii\framework\base\CApplication.php(162): CWebApplication->processRequest()
#29 C:\xampp\htdocs\manajemen-apartemen\index.php(13): CApplication->run()
#30 {main}
REQUEST_URI=/manajemen-apartemen/index.php/penghuniUnitHistory/admin
HTTP_REFERER=http://localhost/manajemen-apartemen/index.php/penghuniUnitHistory/create
---
2013/02/07 06:50:19 [error] [exception.CDbException] exception 'CDbException' with message 'Relation "nama_penghunis" is not defined in active record class "PenghuniUnitHistory".' in C:\xampp\htdocs\yii\framework\db\ar\CActiveFinder.php:216
Stack trace:
#0 C:\xampp\htdocs\yii\framework\db\ar\CActiveFinder.php(280): CActiveFinder->buildJoinTree(Object(CJoinElement), 'nama_penghunis')
#1 C:\xampp\htdocs\yii\framework\db\ar\CActiveFinder.php(49): CActiveFinder->buildJoinTree(Object(CJoinElement), Array)
#2 C:\xampp\htdocs\yii\framework\db\ar\CActiveRecord.php(1543): CActiveFinder->__construct(Object(PenghuniUnitHistory), Array)
#3 C:\xampp\htdocs\yii\framework\web\CActiveDataProvider.php(179): CActiveRecord->count(Object(CDbCriteria))
#4 C:\xampp\htdocs\yii\framework\web\CDataProvider.php(193): CActiveDataProvider->calculateTotalItemCount()
#5 C:\xampp\htdocs\yii\framework\web\CActiveDataProvider.php(129): CDataProvider->getTotalItemCount()
#6 C:\xampp\htdocs\yii\framework\web\CDataProvider.php(137): CActiveDataProvider->fetchData()
#7 C:\xampp\htdocs\yii\framework\zii\widgets\CBaseListView.php(108): CDataProvider->getData()
#8 C:\xampp\htdocs\yii\framework\zii\widgets\grid\CGridView.php(289): CBaseListView->init()
#9 C:\xampp\htdocs\yii\framework\web\CBaseController.php(148): CGridView->init()
#10 C:\xampp\htdocs\yii\framework\web\CBaseController.php(173): CBaseController->createWidget('zii.widgets.gri...', Array)
#11 C:\xampp\htdocs\manajemen-apartemen\protected\views\penghuniUnitHistory\admin.php(66): CBaseController->widget('zii.widgets.gri...', Array)
#12 C:\xampp\htdocs\yii\framework\web\CBaseController.php(127): require('C:\xampp\htdocs...')
#13 C:\xampp\htdocs\yii\framework\web\CBaseController.php(96): CBaseController->renderInternal('C:\xampp\htdocs...', Array, true)
#14 C:\xampp\htdocs\yii\framework\web\CController.php(870): CBaseController->renderFile('C:\xampp\htdocs...', Array, true)
#15 C:\xampp\htdocs\yii\framework\web\CController.php(783): CController->renderPartial('admin', Array, true)
#16 C:\xampp\htdocs\manajemen-apartemen\protected\controllers\PenghuniUnitHistoryController.php(143): CController->render('admin', Array)
#17 C:\xampp\htdocs\yii\framework\web\actions\CInlineAction.php(50): PenghuniUnitHistoryController->actionAdmin()
#18 C:\xampp\htdocs\yii\framework\web\CController.php(309): CInlineAction->runWithParams(Array)
#19 C:\xampp\htdocs\yii\framework\web\filters\CFilterChain.php(134): CController->runAction(Object(CInlineAction))
#20 C:\xampp\htdocs\yii\framework\web\filters\CFilter.php(41): CFilterChain->run()
#21 C:\xampp\htdocs\yii\framework\web\CController.php(1146): CFilter->filter(Object(CFilterChain))
#22 C:\xampp\htdocs\yii\framework\web\filters\CInlineFilter.php(59): CController->filterAccessControl(Object(CFilterChain))
#23 C:\xampp\htdocs\yii\framework\web\filters\CFilterChain.php(131): CInlineFilter->filter(Object(CFilterChain))
#24 C:\xampp\htdocs\yii\framework\web\CController.php(292): CFilterChain->run()
#25 C:\xampp\htdocs\yii\framework\web\CController.php(266): CController->runActionWithFilters(Object(CInlineAction), Array)
#26 C:\xampp\htdocs\yii\framework\web\CWebApplication.php(283): CController->run('admin')
#27 C:\xampp\htdocs\yii\framework\web\CWebApplication.php(142): CWebApplication->runController('penghuniUnitHis...')
#28 C:\xampp\htdocs\yii\framework\base\CApplication.php(162): CWebApplication->processRequest()
#29 C:\xampp\htdocs\manajemen-apartemen\index.php(13): CApplication->run()
#30 {main}
REQUEST_URI=/manajemen-apartemen/index.php/penghuniUnitHistory/admin
HTTP_REFERER=http://localhost/manajemen-apartemen/index.php/penghuniUnitHistory/create
---
2013/02/07 06:51:03 [error] [exception.CDbException] exception 'CDbException' with message 'Relation "nama_penghunis" is not defined in active record class "PenghuniUnitHistory".' in C:\xampp\htdocs\yii\framework\db\ar\CActiveFinder.php:216
Stack trace:
#0 C:\xampp\htdocs\yii\framework\db\ar\CActiveFinder.php(280): CActiveFinder->buildJoinTree(Object(CJoinElement), 'nama_penghunis')
#1 C:\xampp\htdocs\yii\framework\db\ar\CActiveFinder.php(49): CActiveFinder->buildJoinTree(Object(CJoinElement), Array)
#2 C:\xampp\htdocs\yii\framework\db\ar\CActiveRecord.php(1543): CActiveFinder->__construct(Object(PenghuniUnitHistory), Array)
#3 C:\xampp\htdocs\yii\framework\web\CActiveDataProvider.php(179): CActiveRecord->count(Object(CDbCriteria))
#4 C:\xampp\htdocs\yii\framework\web\CDataProvider.php(193): CActiveDataProvider->calculateTotalItemCount()
#5 C:\xampp\htdocs\yii\framework\web\CActiveDataProvider.php(129): CDataProvider->getTotalItemCount()
#6 C:\xampp\htdocs\yii\framework\web\CDataProvider.php(137): CActiveDataProvider->fetchData()
#7 C:\xampp\htdocs\yii\framework\zii\widgets\CBaseListView.php(108): CDataProvider->getData()
#8 C:\xampp\htdocs\yii\framework\zii\widgets\grid\CGridView.php(289): CBaseListView->init()
#9 C:\xampp\htdocs\yii\framework\web\CBaseController.php(148): CGridView->init()
#10 C:\xampp\htdocs\yii\framework\web\CBaseController.php(173): CBaseController->createWidget('zii.widgets.gri...', Array)
#11 C:\xampp\htdocs\manajemen-apartemen\protected\views\penghuniUnitHistory\admin.php(66): CBaseController->widget('zii.widgets.gri...', Array)
#12 C:\xampp\htdocs\yii\framework\web\CBaseController.php(127): require('C:\xampp\htdocs...')
#13 C:\xampp\htdocs\yii\framework\web\CBaseController.php(96): CBaseController->renderInternal('C:\xampp\htdocs...', Array, true)
#14 C:\xampp\htdocs\yii\framework\web\CController.php(870): CBaseController->renderFile('C:\xampp\htdocs...', Array, true)
#15 C:\xampp\htdocs\yii\framework\web\CController.php(783): CController->renderPartial('admin', Array, true)
#16 C:\xampp\htdocs\manajemen-apartemen\protected\controllers\PenghuniUnitHistoryController.php(143): CController->render('admin', Array)
#17 C:\xampp\htdocs\yii\framework\web\actions\CInlineAction.php(50): PenghuniUnitHistoryController->actionAdmin()
#18 C:\xampp\htdocs\yii\framework\web\CController.php(309): CInlineAction->runWithParams(Array)
#19 C:\xampp\htdocs\yii\framework\web\filters\CFilterChain.php(134): CController->runAction(Object(CInlineAction))
#20 C:\xampp\htdocs\yii\framework\web\filters\CFilter.php(41): CFilterChain->run()
#21 C:\xampp\htdocs\yii\framework\web\CController.php(1146): CFilter->filter(Object(CFilterChain))
#22 C:\xampp\htdocs\yii\framework\web\filters\CInlineFilter.php(59): CController->filterAccessControl(Object(CFilterChain))
#23 C:\xampp\htdocs\yii\framework\web\filters\CFilterChain.php(131): CInlineFilter->filter(Object(CFilterChain))
#24 C:\xampp\htdocs\yii\framework\web\CController.php(292): CFilterChain->run()
#25 C:\xampp\htdocs\yii\framework\web\CController.php(266): CController->runActionWithFilters(Object(CInlineAction), Array)
#26 C:\xampp\htdocs\yii\framework\web\CWebApplication.php(283): CController->run('admin')
#27 C:\xampp\htdocs\yii\framework\web\CWebApplication.php(142): CWebApplication->runController('penghuniUnitHis...')
#28 C:\xampp\htdocs\yii\framework\base\CApplication.php(162): CWebApplication->processRequest()
#29 C:\xampp\htdocs\manajemen-apartemen\index.php(13): CApplication->run()
#30 {main}
REQUEST_URI=/manajemen-apartemen/index.php/penghuniUnitHistory/admin
HTTP_REFERER=http://localhost/manajemen-apartemen/index.php/penghuniUnitHistory/create
---
2013/02/07 06:58:33 [error] [exception.CDbException] exception 'CDbException' with message 'Relation "nama_penghunis,nama_units" is not defined in active record class "PenghuniUnitHistory".' in C:\xampp\htdocs\yii\framework\db\ar\CActiveFinder.php:216
Stack trace:
#0 C:\xampp\htdocs\yii\framework\db\ar\CActiveFinder.php(280): CActiveFinder->buildJoinTree(Object(CJoinElement), 'nama_penghunis,...')
#1 C:\xampp\htdocs\yii\framework\db\ar\CActiveFinder.php(49): CActiveFinder->buildJoinTree(Object(CJoinElement), Array)
#2 C:\xampp\htdocs\yii\framework\db\ar\CActiveRecord.php(1543): CActiveFinder->__construct(Object(PenghuniUnitHistory), Array)
#3 C:\xampp\htdocs\yii\framework\web\CActiveDataProvider.php(179): CActiveRecord->count(Object(CDbCriteria))
#4 C:\xampp\htdocs\yii\framework\web\CDataProvider.php(193): CActiveDataProvider->calculateTotalItemCount()
#5 C:\xampp\htdocs\yii\framework\web\CActiveDataProvider.php(129): CDataProvider->getTotalItemCount()
#6 C:\xampp\htdocs\yii\framework\web\CDataProvider.php(137): CActiveDataProvider->fetchData()
#7 C:\xampp\htdocs\yii\framework\zii\widgets\CBaseListView.php(108): CDataProvider->getData()
#8 C:\xampp\htdocs\yii\framework\zii\widgets\grid\CGridView.php(289): CBaseListView->init()
#9 C:\xampp\htdocs\yii\framework\web\CBaseController.php(148): CGridView->init()
#10 C:\xampp\htdocs\yii\framework\web\CBaseController.php(173): CBaseController->createWidget('zii.widgets.gri...', Array)
#11 C:\xampp\htdocs\manajemen-apartemen\protected\views\penghuniUnitHistory\admin.php(71): CBaseController->widget('zii.widgets.gri...', Array)
#12 C:\xampp\htdocs\yii\framework\web\CBaseController.php(127): require('C:\xampp\htdocs...')
#13 C:\xampp\htdocs\yii\framework\web\CBaseController.php(96): CBaseController->renderInternal('C:\xampp\htdocs...', Array, true)
#14 C:\xampp\htdocs\yii\framework\web\CController.php(870): CBaseController->renderFile('C:\xampp\htdocs...', Array, true)
#15 C:\xampp\htdocs\yii\framework\web\CController.php(783): CController->renderPartial('admin', Array, true)
#16 C:\xampp\htdocs\manajemen-apartemen\protected\controllers\PenghuniUnitHistoryController.php(143): CController->render('admin', Array)
#17 C:\xampp\htdocs\yii\framework\web\actions\CInlineAction.php(50): PenghuniUnitHistoryController->actionAdmin()
#18 C:\xampp\htdocs\yii\framework\web\CController.php(309): CInlineAction->runWithParams(Array)
#19 C:\xampp\htdocs\yii\framework\web\filters\CFilterChain.php(134): CController->runAction(Object(CInlineAction))
#20 C:\xampp\htdocs\yii\framework\web\filters\CFilter.php(41): CFilterChain->run()
#21 C:\xampp\htdocs\yii\framework\web\CController.php(1146): CFilter->filter(Object(CFilterChain))
#22 C:\xampp\htdocs\yii\framework\web\filters\CInlineFilter.php(59): CController->filterAccessControl(Object(CFilterChain))
#23 C:\xampp\htdocs\yii\framework\web\filters\CFilterChain.php(131): CInlineFilter->filter(Object(CFilterChain))
#24 C:\xampp\htdocs\yii\framework\web\CController.php(292): CFilterChain->run()
#25 C:\xampp\htdocs\yii\framework\web\CController.php(266): CController->runActionWithFilters(Object(CInlineAction), Array)
#26 C:\xampp\htdocs\yii\framework\web\CWebApplication.php(283): CController->run('admin')
#27 C:\xampp\htdocs\yii\framework\web\CWebApplication.php(142): CWebApplication->runController('penghuniUnitHis...')
#28 C:\xampp\htdocs\yii\framework\base\CApplication.php(162): CWebApplication->processRequest()
#29 C:\xampp\htdocs\manajemen-apartemen\index.php(13): CApplication->run()
#30 {main}
REQUEST_URI=/manajemen-apartemen/index.php/penghuniUnitHistory/admin
HTTP_REFERER=http://localhost/manajemen-apartemen/index.php/penghuniUnitHistory/create
---
2013/02/07 07:06:10 [error] [exception.CDbException] exception 'CDbException' with message 'Relation "nama_penghunis" is not defined in active record class "PenghuniUnitHistory".' in C:\xampp\htdocs\yii\framework\db\ar\CActiveFinder.php:216
Stack trace:
#0 C:\xampp\htdocs\yii\framework\db\ar\CActiveFinder.php(280): CActiveFinder->buildJoinTree(Object(CJoinElement), 'nama_penghunis')
#1 C:\xampp\htdocs\yii\framework\db\ar\CActiveFinder.php(49): CActiveFinder->buildJoinTree(Object(CJoinElement), Array)
#2 C:\xampp\htdocs\yii\framework\db\ar\CActiveRecord.php(1543): CActiveFinder->__construct(Object(PenghuniUnitHistory), Array)
#3 C:\xampp\htdocs\yii\framework\web\CActiveDataProvider.php(179): CActiveRecord->count(Object(CDbCriteria))
#4 C:\xampp\htdocs\yii\framework\web\CDataProvider.php(193): CActiveDataProvider->calculateTotalItemCount()
#5 C:\xampp\htdocs\yii\framework\web\CActiveDataProvider.php(129): CDataProvider->getTotalItemCount()
#6 C:\xampp\htdocs\yii\framework\web\CDataProvider.php(137): CActiveDataProvider->fetchData()
#7 C:\xampp\htdocs\yii\framework\zii\widgets\CBaseListView.php(108): CDataProvider->getData()
#8 C:\xampp\htdocs\yii\framework\zii\widgets\grid\CGridView.php(289): CBaseListView->init()
#9 C:\xampp\htdocs\yii\framework\web\CBaseController.php(148): CGridView->init()
#10 C:\xampp\htdocs\yii\framework\web\CBaseController.php(173): CBaseController->createWidget('zii.widgets.gri...', Array)
#11 C:\xampp\htdocs\manajemen-apartemen\protected\views\penghuniUnitHistory\admin.php(71): CBaseController->widget('zii.widgets.gri...', Array)
#12 C:\xampp\htdocs\yii\framework\web\CBaseController.php(127): require('C:\xampp\htdocs...')
#13 C:\xampp\htdocs\yii\framework\web\CBaseController.php(96): CBaseController->renderInternal('C:\xampp\htdocs...', Array, true)
#14 C:\xampp\htdocs\yii\framework\web\CController.php(870): CBaseController->renderFile('C:\xampp\htdocs...', Array, true)
#15 C:\xampp\htdocs\yii\framework\web\CController.php(783): CController->renderPartial('admin', Array, true)
#16 C:\xampp\htdocs\manajemen-apartemen\protected\controllers\PenghuniUnitHistoryController.php(143): CController->render('admin', Array)
#17 C:\xampp\htdocs\yii\framework\web\actions\CInlineAction.php(50): PenghuniUnitHistoryController->actionAdmin()
#18 C:\xampp\htdocs\yii\framework\web\CController.php(309): CInlineAction->runWithParams(Array)
#19 C:\xampp\htdocs\yii\framework\web\filters\CFilterChain.php(134): CController->runAction(Object(CInlineAction))
#20 C:\xampp\htdocs\yii\framework\web\filters\CFilter.php(41): CFilterChain->run()
#21 C:\xampp\htdocs\yii\framework\web\CController.php(1146): CFilter->filter(Object(CFilterChain))
#22 C:\xampp\htdocs\yii\framework\web\filters\CInlineFilter.php(59): CController->filterAccessControl(Object(CFilterChain))
#23 C:\xampp\htdocs\yii\framework\web\filters\CFilterChain.php(131): CInlineFilter->filter(Object(CFilterChain))
#24 C:\xampp\htdocs\yii\framework\web\CController.php(292): CFilterChain->run()
#25 C:\xampp\htdocs\yii\framework\web\CController.php(266): CController->runActionWithFilters(Object(CInlineAction), Array)
#26 C:\xampp\htdocs\yii\framework\web\CWebApplication.php(283): CController->run('admin')
#27 C:\xampp\htdocs\yii\framework\web\CWebApplication.php(142): CWebApplication->runController('penghuniUnitHis...')
#28 C:\xampp\htdocs\yii\framework\base\CApplication.php(162): CWebApplication->processRequest()
#29 C:\xampp\htdocs\manajemen-apartemen\index.php(13): CApplication->run()
#30 {main}
REQUEST_URI=/manajemen-apartemen/index.php/penghuniUnitHistory/admin
HTTP_REFERER=http://localhost/manajemen-apartemen/index.php/penghuniUnitHistory/create
---
2013/02/07 07:15:05 [error] [exception.CHttpException.400] exception 'CHttpException' with message 'Your request is invalid.' in C:\xampp\htdocs\yii\framework\web\CController.php:337
Stack trace:
#0 C:\xampp\htdocs\yii\framework\web\CController.php(310): CController->invalidActionParams(Object(CInlineAction))
#1 C:\xampp\htdocs\yii\framework\web\filters\CFilterChain.php(134): CController->runAction(Object(CInlineAction))
#2 C:\xampp\htdocs\yii\framework\web\filters\CFilter.php(41): CFilterChain->run()
#3 C:\xampp\htdocs\yii\framework\web\CController.php(1146): CFilter->filter(Object(CFilterChain))
#4 C:\xampp\htdocs\yii\framework\web\filters\CInlineFilter.php(59): CController->filterAccessControl(Object(CFilterChain))
#5 C:\xampp\htdocs\yii\framework\web\filters\CFilterChain.php(131): CInlineFilter->filter(Object(CFilterChain))
#6 C:\xampp\htdocs\yii\framework\web\CController.php(292): CFilterChain->run()
#7 C:\xampp\htdocs\yii\framework\web\CController.php(266): CController->runActionWithFilters(Object(CInlineAction), Array)
#8 C:\xampp\htdocs\yii\framework\web\CWebApplication.php(283): CController->run('view')
#9 C:\xampp\htdocs\yii\framework\web\CWebApplication.php(142): CWebApplication->runController('Lantai/view')
#10 C:\xampp\htdocs\yii\framework\base\CApplication.php(162): CWebApplication->processRequest()
#11 C:\xampp\htdocs\manajemen-apartemen\index.php(13): CApplication->run()
#12 {main}
REQUEST_URI=/manajemen-apartemen/index.php/Lantai/view
---
2013/02/07 07:15:24 [error] [exception.CHttpException.404] exception 'CHttpException' with message 'The system is unable to find the requested action "_create".' in C:\xampp\htdocs\yii\framework\web\CController.php:484
Stack trace:
#0 C:\xampp\htdocs\yii\framework\web\CController.php(271): CController->missingAction('_create')
#1 C:\xampp\htdocs\yii\framework\web\CWebApplication.php(283): CController->run('_create')
#2 C:\xampp\htdocs\yii\framework\web\CWebApplication.php(142): CWebApplication->runController('Lantai/_create')
#3 C:\xampp\htdocs\yii\framework\base\CApplication.php(162): CWebApplication->processRequest()
#4 C:\xampp\htdocs\manajemen-apartemen\index.php(13): CApplication->run()
#5 {main}
REQUEST_URI=/manajemen-apartemen/index.php/Lantai/_create
---
2013/02/07 08:01:49 [error] [exception.CException] exception 'CException' with message 'Property "HubunganAntarPenghuni.nama_depan" is not defined.' in C:\xampp\htdocs\yii\framework\base\CComponent.php:131
Stack trace:
#0 C:\xampp\htdocs\yii\framework\db\ar\CActiveRecord.php(144): CComponent->__get('nama_depan')
#1 C:\xampp\htdocs\manajemen-apartemen\protected\models\HubunganAntarPenghuni.php(91): CActiveRecord->__get('nama_depan')
#2 C:\xampp\htdocs\manajemen-apartemen\protected\views\hubunganAntarPenghuni\admin.php(45): HubunganAntarPenghuni->search()
#3 C:\xampp\htdocs\yii\framework\web\CBaseController.php(127): require('C:\xampp\htdocs...')
#4 C:\xampp\htdocs\yii\framework\web\CBaseController.php(96): CBaseController->renderInternal('C:\xampp\htdocs...', Array, true)
#5 C:\xampp\htdocs\yii\framework\web\CController.php(870): CBaseController->renderFile('C:\xampp\htdocs...', Array, true)
#6 C:\xampp\htdocs\yii\framework\web\CController.php(783): CController->renderPartial('admin', Array, true)
#7 C:\xampp\htdocs\manajemen-apartemen\protected\controllers\HubunganAntarPenghuniController.php(143): CController->render('admin', Array)
#8 C:\xampp\htdocs\yii\framework\web\actions\CInlineAction.php(50): HubunganAntarPenghuniController->actionAdmin()
#9 C:\xampp\htdocs\yii\framework\web\CController.php(309): CInlineAction->runWithParams(Array)
#10 C:\xampp\htdocs\yii\framework\web\filters\CFilterChain.php(134): CController->runAction(Object(CInlineAction))
#11 C:\xampp\htdocs\yii\framework\web\filters\CFilter.php(41): CFilterChain->run()
#12 C:\xampp\htdocs\yii\framework\web\CController.php(1146): CFilter->filter(Object(CFilterChain))
#13 C:\xampp\htdocs\yii\framework\web\filters\CInlineFilter.php(59): CController->filterAccessControl(Object(CFilterChain))
#14 C:\xampp\htdocs\yii\framework\web\filters\CFilterChain.php(131): CInlineFilter->filter(Object(CFilterChain))
#15 C:\xampp\htdocs\yii\framework\web\CController.php(292): CFilterChain->run()
#16 C:\xampp\htdocs\yii\framework\web\CController.php(266): CController->runActionWithFilters(Object(CInlineAction), Array)
#17 C:\xampp\htdocs\yii\framework\web\CWebApplication.php(283): CController->run('admin')
#18 C:\xampp\htdocs\yii\framework\web\CWebApplication.php(142): CWebApplication->runController('hubunganAntarPe...')
#19 C:\xampp\htdocs\yii\framework\base\CApplication.php(162): CWebApplication->processRequest()
#20 C:\xampp\htdocs\manajemen-apartemen\index.php(13): CApplication->run()
#21 {main}
REQUEST_URI=/manajemen-apartemen/index.php/hubunganAntarPenghuni/admin
HTTP_REFERER=http://localhost/manajemen-apartemen/index.php/Gedung/admin
---
2013/02/11 05:09:21 [error] [system.db.CDbCommand] CDbCommand::fetchAll() failed: SQLSTATE[42S02]: Base table or view not found: 1146 Table 'xsiscrm.users' doesn't exist. The SQL statement executed was: SHOW COLUMNS FROM `users`.
in C:\xampp\htdocs\xsiscrm\protected\controllers\UserController.php (136)
in C:\xampp\htdocs\xsiscrm\index.php (13)
2013/02/11 05:09:21 [error] [exception.CDbException] exception 'CDbException' with message 'The table "{{users}}" for active record class "User" cannot be found in the database.' in C:\xampp\htdocs\yii\framework\db\ar\CActiveRecord.php:2312
Stack trace:
#0 C:\xampp\htdocs\yii\framework\db\ar\CActiveRecord.php(388): CActiveRecordMetaData->__construct(Object(User))
#1 C:\xampp\htdocs\yii\framework\db\ar\CActiveRecord.php(403): CActiveRecord::model('User')
#2 C:\xampp\htdocs\yii\framework\db\ar\CActiveRecord.php(78): CActiveRecord->getMetaData()
#3 C:\xampp\htdocs\xsiscrm\protected\controllers\UserController.php(136): CActiveRecord->__construct('search')
#4 C:\xampp\htdocs\yii\framework\web\actions\CInlineAction.php(50): UserController->actionAdmin()
#5 C:\xampp\htdocs\yii\framework\web\CController.php(309): CInlineAction->runWithParams(Array)
#6 C:\xampp\htdocs\yii\framework\web\filters\CFilterChain.php(134): CController->runAction(Object(CInlineAction))
#7 C:\xampp\htdocs\yii\framework\web\filters\CFilter.php(41): CFilterChain->run()
#8 C:\xampp\htdocs\yii\framework\web\CController.php(1146): CFilter->filter(Object(CFilterChain))
#9 C:\xampp\htdocs\yii\framework\web\filters\CInlineFilter.php(59): CController->filterAccessControl(Object(CFilterChain))
#10 C:\xampp\htdocs\yii\framework\web\filters\CFilterChain.php(131): CInlineFilter->filter(Object(CFilterChain))
#11 C:\xampp\htdocs\yii\framework\web\CController.php(292): CFilterChain->run()
#12 C:\xampp\htdocs\yii\framework\web\CController.php(266): CController->runActionWithFilters(Object(CInlineAction), Array)
#13 C:\xampp\htdocs\yii\framework\web\CWebApplication.php(283): CController->run('admin')
#14 C:\xampp\htdocs\yii\framework\web\CWebApplication.php(142): CWebApplication->runController('User/admin')
#15 C:\xampp\htdocs\yii\framework\base\CApplication.php(162): CWebApplication->processRequest()
#16 C:\xampp\htdocs\xsiscrm\index.php(13): CApplication->run()
#17 {main}
REQUEST_URI=/xsiscrm/index.php/User/admin
HTTP_REFERER=http://localhost/xsiscrm/index.php/site/index
---
2013/02/11 05:10:11 [error] [system.db.CDbCommand] CDbCommand::fetchAll() failed: SQLSTATE[42S02]: Base table or view not found: 1146 Table 'xsiscrm.users' doesn't exist. The SQL statement executed was: SHOW COLUMNS FROM `users`.
in C:\xampp\htdocs\xsiscrm\protected\controllers\UserController.php (136)
in C:\xampp\htdocs\xsiscrm\index.php (13)
2013/02/11 05:10:11 [error] [exception.CDbException] exception 'CDbException' with message 'The table "{{users}}" for active record class "User" cannot be found in the database.' in C:\xampp\htdocs\yii\framework\db\ar\CActiveRecord.php:2312
Stack trace:
#0 C:\xampp\htdocs\yii\framework\db\ar\CActiveRecord.php(388): CActiveRecordMetaData->__construct(Object(User))
#1 C:\xampp\htdocs\yii\framework\db\ar\CActiveRecord.php(403): CActiveRecord::model('User')
#2 C:\xampp\htdocs\yii\framework\db\ar\CActiveRecord.php(78): CActiveRecord->getMetaData()
#3 C:\xampp\htdocs\xsiscrm\protected\controllers\UserController.php(136): CActiveRecord->__construct('search')
#4 C:\xampp\htdocs\yii\framework\web\actions\CInlineAction.php(50): UserController->actionAdmin()
#5 C:\xampp\htdocs\yii\framework\web\CController.php(309): CInlineAction->runWithParams(Array)
#6 C:\xampp\htdocs\yii\framework\web\filters\CFilterChain.php(134): CController->runAction(Object(CInlineAction))
#7 C:\xampp\htdocs\yii\framework\web\filters\CFilter.php(41): CFilterChain->run()
#8 C:\xampp\htdocs\yii\framework\web\CController.php(1146): CFilter->filter(Object(CFilterChain))
#9 C:\xampp\htdocs\yii\framework\web\filters\CInlineFilter.php(59): CController->filterAccessControl(Object(CFilterChain))
#10 C:\xampp\htdocs\yii\framework\web\filters\CFilterChain.php(131): CInlineFilter->filter(Object(CFilterChain))
#11 C:\xampp\htdocs\yii\framework\web\CController.php(292): CFilterChain->run()
#12 C:\xampp\htdocs\yii\framework\web\CController.php(266): CController->runActionWithFilters(Object(CInlineAction), Array)
#13 C:\xampp\htdocs\yii\framework\web\CWebApplication.php(283): CController->run('admin')
#14 C:\xampp\htdocs\yii\framework\web\CWebApplication.php(142): CWebApplication->runController('User/admin')
#15 C:\xampp\htdocs\yii\framework\base\CApplication.php(162): CWebApplication->processRequest()
#16 C:\xampp\htdocs\xsiscrm\index.php(13): CApplication->run()
#17 {main}
REQUEST_URI=/xsiscrm/index.php/User/admin
HTTP_REFERER=http://localhost/xsiscrm/index.php/site/index
---
2013/02/11 08:40:48 [error] [exception.CHttpException.404] exception 'CHttpException' with message 'Unable to resolve the request "candidat/admin".' in C:\xampp\htdocs\yii\framework\web\CWebApplication.php:287
Stack trace:
#0 C:\xampp\htdocs\yii\framework\web\CWebApplication.php(142): CWebApplication->runController('candidat/admin')
#1 C:\xampp\htdocs\yii\framework\base\CApplication.php(162): CWebApplication->processRequest()
#2 C:\xampp\htdocs\xsiscrm\index.php(13): CApplication->run()
#3 {main}
REQUEST_URI=/xsiscrm/index.php/candidat/admin
HTTP_REFERER=http://localhost/xsiscrm/index.php/personType/admin
---
2013/02/11 08:41:20 [error] [exception.CHttpException.404] exception 'CHttpException' with message 'Unable to resolve the request "candidat/admin".' in C:\xampp\htdocs\yii\framework\web\CWebApplication.php:287
Stack trace:
#0 C:\xampp\htdocs\yii\framework\web\CWebApplication.php(142): CWebApplication->runController('candidat/admin')
#1 C:\xampp\htdocs\yii\framework\base\CApplication.php(162): CWebApplication->processRequest()
#2 C:\xampp\htdocs\xsiscrm\index.php(13): CApplication->run()
#3 {main}
REQUEST_URI=/xsiscrm/index.php/candidat/admin
HTTP_REFERER=http://localhost/xsiscrm/index.php/personType/admin
---
2013/02/11 09:34:08 [error] [php] Undefined variable: dataProvider (C:\xampp\htdocs\xsiscrm\protected\views\personType\_form.php:25)
Stack trace:
#0 C:\xampp\htdocs\yii\framework\web\CController.php(870): PersonTypeController->renderFile()
#1 C:\xampp\htdocs\xsiscrm\protected\views\personType\create.php(18): PersonTypeController->renderPartial()
#2 C:\xampp\htdocs\yii\framework\web\CBaseController.php(127): require()
#3 C:\xampp\htdocs\yii\framework\web\CBaseController.php(96): PersonTypeController->renderInternal()
#4 C:\xampp\htdocs\yii\framework\web\CController.php(870): PersonTypeController->renderFile()
#5 C:\xampp\htdocs\yii\framework\web\CController.php(783): PersonTypeController->renderPartial()
#6 C:\xampp\htdocs\xsiscrm\protected\controllers\PersonTypeController.php(79): PersonTypeController->render()
#7 C:\xampp\htdocs\yii\framework\web\actions\CInlineAction.php(50): PersonTypeController->actionCreate()
#8 C:\xampp\htdocs\yii\framework\web\CController.php(309): CInlineAction->runWithParams()
#9 C:\xampp\htdocs\yii\framework\web\filters\CFilterChain.php(134): PersonTypeController->runAction()
#10 C:\xampp\htdocs\yii\framework\web\filters\CFilter.php(41): CFilterChain->run()
#11 C:\xampp\htdocs\yii\framework\web\CController.php(1146): CAccessControlFilter->filter()
#12 C:\xampp\htdocs\yii\framework\web\filters\CInlineFilter.php(59): PersonTypeController->filterAccessControl()
#13 C:\xampp\htdocs\yii\framework\web\filters\CFilterChain.php(131): CInlineFilter->filter()
#14 C:\xampp\htdocs\yii\framework\web\CController.php(292): CFilterChain->run()
#15 C:\xampp\htdocs\yii\framework\web\CController.php(266): PersonTypeController->runActionWithFilters()
#16 C:\xampp\htdocs\yii\framework\web\CWebApplication.php(283): PersonTypeController->run()
#17 C:\xampp\htdocs\yii\framework\web\CWebApplication.php(142): CWebApplication->runController()
#18 C:\xampp\htdocs\yii\framework\base\CApplication.php(162): CWebApplication->processRequest()
#19 C:\xampp\htdocs\xsiscrm\index.php(13): CWebApplication->run()
REQUEST_URI=/xsiscrm/index.php/personType/create
in C:\xampp\htdocs\xsiscrm\protected\views\personType\_form.php (25)
in C:\xampp\htdocs\xsiscrm\protected\views\personType\create.php (18)
in C:\xampp\htdocs\xsiscrm\protected\controllers\PersonTypeController.php (79)
2013/02/11 09:52:04 [error] [exception.CHttpException.404] exception 'CHttpException' with message 'The system is unable to find the requested action "add_device".' in C:\xampp\htdocs\yii\framework\web\CController.php:484
Stack trace:
#0 C:\xampp\htdocs\yii\framework\web\CController.php(271): CController->missingAction('add_device')
#1 C:\xampp\htdocs\yii\framework\web\CWebApplication.php(283): CController->run('add_device')
#2 C:\xampp\htdocs\yii\framework\web\CWebApplication.php(142): CWebApplication->runController('site/add_device...')
#3 C:\xampp\htdocs\yii\framework\base\CApplication.php(162): CWebApplication->processRequest()
#4 C:\xampp\htdocs\xsiscrm\index.php(13): CApplication->run()
#5 {main}
REQUEST_URI=/xsiscrm/index.php/site/add_device/id/4
HTTP_REFERER=http://localhost/xsiscrm/index.php/personType/create
---
2013/02/12 02:07:50 [error] [system.db.CDbCommand] CDbCommand::fetchAll() failed: SQLSTATE[42S02]: Base table or view not found: 1146 Table 'xsiscrm.users' doesn't exist. The SQL statement executed was: SHOW COLUMNS FROM `users`.
in C:\xampp\htdocs\xsiscrm\protected\modules\user\models\User.php (28)
in C:\xampp\htdocs\xsiscrm\protected\modules\user\components\UserIdentity.php (27)
in C:\xampp\htdocs\xsiscrm\protected\models\LoginForm.php (52)
2013/02/12 02:07:50 [error] [exception.CDbException] exception 'CDbException' with message 'The table "{{users}}" for active record class "User" cannot be found in the database.' in C:\xampp\htdocs\yii\framework\db\ar\CActiveRecord.php:2312
Stack trace:
#0 C:\xampp\htdocs\yii\framework\db\ar\CActiveRecord.php(388): CActiveRecordMetaData->__construct(Object(User))
#1 C:\xampp\htdocs\xsiscrm\protected\modules\user\models\User.php(28): CActiveRecord::model('User')
#2 C:\xampp\htdocs\xsiscrm\protected\modules\user\components\UserIdentity.php(27): User::model()
#3 C:\xampp\htdocs\xsiscrm\protected\models\LoginForm.php(52): UserIdentity->authenticate()
#4 C:\xampp\htdocs\yii\framework\validators\CInlineValidator.php(43): LoginForm->authenticate('password', Array)
#5 C:\xampp\htdocs\yii\framework\validators\CValidator.php(214): CInlineValidator->validateAttribute(Object(LoginForm), 'password')
#6 C:\xampp\htdocs\yii\framework\base\CModel.php(158): CValidator->validate(Object(LoginForm), NULL)
#7 C:\xampp\htdocs\xsiscrm\protected\controllers\SiteController.php(95): CModel->validate()
#8 C:\xampp\htdocs\yii\framework\web\actions\CInlineAction.php(50): SiteController->actionLogin()
#9 C:\xampp\htdocs\yii\framework\web\CController.php(309): CInlineAction->runWithParams(Array)
#10 C:\xampp\htdocs\yii\framework\web\CController.php(287): CController->runAction(Object(CInlineAction))
#11 C:\xampp\htdocs\yii\framework\web\CController.php(266): CController->runActionWithFilters(Object(CInlineAction), Array)
#12 C:\xampp\htdocs\yii\framework\web\CWebApplication.php(283): CController->run('login')
#13 C:\xampp\htdocs\yii\framework\web\CWebApplication.php(142): CWebApplication->runController('site/login')
#14 C:\xampp\htdocs\yii\framework\base\CApplication.php(162): CWebApplication->processRequest()
#15 C:\xampp\htdocs\xsiscrm\index.php(13): CApplication->run()
#16 {main}
REQUEST_URI=/xsiscrm/index.php/site/login
HTTP_REFERER=http://localhost/xsiscrm/index.php/site/login
---
2013/02/12 02:08:07 [error] [system.db.CDbCommand] CDbCommand::fetchAll() failed: SQLSTATE[42S02]: Base table or view not found: 1146 Table 'xsiscrm.users' doesn't exist. The SQL statement executed was: SHOW COLUMNS FROM `users`.
in C:\xampp\htdocs\xsiscrm\protected\modules\user\models\User.php (28)
in C:\xampp\htdocs\xsiscrm\protected\modules\user\components\UserIdentity.php (27)
in C:\xampp\htdocs\xsiscrm\protected\models\LoginForm.php (52)
2013/02/12 02:08:07 [error] [exception.CDbException] exception 'CDbException' with message 'The table "{{users}}" for active record class "User" cannot be found in the database.' in C:\xampp\htdocs\yii\framework\db\ar\CActiveRecord.php:2312
Stack trace:
#0 C:\xampp\htdocs\yii\framework\db\ar\CActiveRecord.php(388): CActiveRecordMetaData->__construct(Object(User))
#1 C:\xampp\htdocs\xsiscrm\protected\modules\user\models\User.php(28): CActiveRecord::model('User')
#2 C:\xampp\htdocs\xsiscrm\protected\modules\user\components\UserIdentity.php(27): User::model()
#3 C:\xampp\htdocs\xsiscrm\protected\models\LoginForm.php(52): UserIdentity->authenticate()
#4 C:\xampp\htdocs\yii\framework\validators\CInlineValidator.php(43): LoginForm->authenticate('password', Array)
#5 C:\xampp\htdocs\yii\framework\validators\CValidator.php(214): CInlineValidator->validateAttribute(Object(LoginForm), 'password')
#6 C:\xampp\htdocs\yii\framework\base\CModel.php(158): CValidator->validate(Object(LoginForm), NULL)
#7 C:\xampp\htdocs\xsiscrm\protected\controllers\SiteController.php(95): CModel->validate()
#8 C:\xampp\htdocs\yii\framework\web\actions\CInlineAction.php(50): SiteController->actionLogin()
#9 C:\xampp\htdocs\yii\framework\web\CController.php(309): CInlineAction->runWithParams(Array)
#10 C:\xampp\htdocs\yii\framework\web\CController.php(287): CController->runAction(Object(CInlineAction))
#11 C:\xampp\htdocs\yii\framework\web\CController.php(266): CController->runActionWithFilters(Object(CInlineAction), Array)
#12 C:\xampp\htdocs\yii\framework\web\CWebApplication.php(283): CController->run('login')
#13 C:\xampp\htdocs\yii\framework\web\CWebApplication.php(142): CWebApplication->runController('site/login')
#14 C:\xampp\htdocs\yii\framework\base\CApplication.php(162): CWebApplication->processRequest()
#15 C:\xampp\htdocs\xsiscrm\index.php(13): CApplication->run()
#16 {main}
REQUEST_URI=/xsiscrm/index.php/site/login
HTTP_REFERER=http://localhost/xsiscrm/index.php/site/login
---
2013/02/12 02:08:57 [error] [system.db.CDbCommand] CDbCommand::fetchAll() failed: SQLSTATE[42S02]: Base table or view not found: 1146 Table 'xsiscrm.users' doesn't exist. The SQL statement executed was: SHOW COLUMNS FROM `users`.
in C:\xampp\htdocs\xsiscrm\protected\modules\user\models\User.php (28)
in C:\xampp\htdocs\xsiscrm\protected\modules\user\components\UserIdentity.php (27)
in C:\xampp\htdocs\xsiscrm\protected\models\LoginForm.php (52)
2013/02/12 02:08:57 [error] [exception.CDbException] exception 'CDbException' with message 'The table "{{users}}" for active record class "User" cannot be found in the database.' in C:\xampp\htdocs\yii\framework\db\ar\CActiveRecord.php:2312
Stack trace:
#0 C:\xampp\htdocs\yii\framework\db\ar\CActiveRecord.php(388): CActiveRecordMetaData->__construct(Object(User))
#1 C:\xampp\htdocs\xsiscrm\protected\modules\user\models\User.php(28): CActiveRecord::model('User')
#2 C:\xampp\htdocs\xsiscrm\protected\modules\user\components\UserIdentity.php(27): User::model()
#3 C:\xampp\htdocs\xsiscrm\protected\models\LoginForm.php(52): UserIdentity->authenticate()
#4 C:\xampp\htdocs\yii\framework\validators\CInlineValidator.php(43): LoginForm->authenticate('password', Array)
#5 C:\xampp\htdocs\yii\framework\validators\CValidator.php(214): CInlineValidator->validateAttribute(Object(LoginForm), 'password')
#6 C:\xampp\htdocs\yii\framework\base\CModel.php(158): CValidator->validate(Object(LoginForm), NULL)
#7 C:\xampp\htdocs\xsiscrm\protected\controllers\SiteController.php(95): CModel->validate()
#8 C:\xampp\htdocs\yii\framework\web\actions\CInlineAction.php(50): SiteController->actionLogin()
#9 C:\xampp\htdocs\yii\framework\web\CController.php(309): CInlineAction->runWithParams(Array)
#10 C:\xampp\htdocs\yii\framework\web\CController.php(287): CController->runAction(Object(CInlineAction))
#11 C:\xampp\htdocs\yii\framework\web\CController.php(266): CController->runActionWithFilters(Object(CInlineAction), Array)
#12 C:\xampp\htdocs\yii\framework\web\CWebApplication.php(283): CController->run('login')
#13 C:\xampp\htdocs\yii\framework\web\CWebApplication.php(142): CWebApplication->runController('site/login')
#14 C:\xampp\htdocs\yii\framework\base\CApplication.php(162): CWebApplication->processRequest()
#15 C:\xampp\htdocs\xsiscrm\index.php(13): CApplication->run()
#16 {main}
REQUEST_URI=/xsiscrm/index.php/site/login
HTTP_REFERER=http://localhost/xsiscrm/index.php/site/login
---
2013/02/12 02:12:59 [error] [system.db.CDbCommand] CDbCommand::fetchAll() failed: SQLSTATE[42S02]: Base table or view not found: 1146 Table 'xsiscrm.users' doesn't exist. The SQL statement executed was: SHOW COLUMNS FROM `users`.
in C:\xampp\htdocs\xsiscrm\protected\modules\user\models\User.php (28)
in C:\xampp\htdocs\xsiscrm\protected\modules\user\components\UserIdentity.php (27)
in C:\xampp\htdocs\xsiscrm\protected\models\LoginForm.php (52)
2013/02/12 02:12:59 [error] [exception.CDbException] exception 'CDbException' with message 'The table "{{users}}" for active record class "User" cannot be found in the database.' in C:\xampp\htdocs\yii\framework\db\ar\CActiveRecord.php:2312
Stack trace:
#0 C:\xampp\htdocs\yii\framework\db\ar\CActiveRecord.php(388): CActiveRecordMetaData->__construct(Object(User))
#1 C:\xampp\htdocs\xsiscrm\protected\modules\user\models\User.php(28): CActiveRecord::model('User')
#2 C:\xampp\htdocs\xsiscrm\protected\modules\user\components\UserIdentity.php(27): User::model()
#3 C:\xampp\htdocs\xsiscrm\protected\models\LoginForm.php(52): UserIdentity->authenticate()
#4 C:\xampp\htdocs\yii\framework\validators\CInlineValidator.php(43): LoginForm->authenticate('password', Array)
#5 C:\xampp\htdocs\yii\framework\validators\CValidator.php(214): CInlineValidator->validateAttribute(Object(LoginForm), 'password')
#6 C:\xampp\htdocs\yii\framework\base\CModel.php(158): CValidator->validate(Object(LoginForm), NULL)
#7 C:\xampp\htdocs\xsiscrm\protected\controllers\SiteController.php(95): CModel->validate()
#8 C:\xampp\htdocs\yii\framework\web\actions\CInlineAction.php(50): SiteController->actionLogin()
#9 C:\xampp\htdocs\yii\framework\web\CController.php(309): CInlineAction->runWithParams(Array)
#10 C:\xampp\htdocs\yii\framework\web\CController.php(287): CController->runAction(Object(CInlineAction))
#11 C:\xampp\htdocs\yii\framework\web\CController.php(266): CController->runActionWithFilters(Object(CInlineAction), Array)
#12 C:\xampp\htdocs\yii\framework\web\CWebApplication.php(283): CController->run('login')
#13 C:\xampp\htdocs\yii\framework\web\CWebApplication.php(142): CWebApplication->runController('site/login')
#14 C:\xampp\htdocs\yii\framework\base\CApplication.php(162): CWebApplication->processRequest()
#15 C:\xampp\htdocs\xsiscrm\index.php(13): CApplication->run()
#16 {main}
REQUEST_URI=/xsiscrm/index.php/site/login
HTTP_REFERER=http://localhost/xsiscrm/index.php/site/login
---
2013/02/12 02:13:11 [error] [system.db.CDbCommand] CDbCommand::fetchAll() failed: SQLSTATE[42S02]: Base table or view not found: 1146 Table 'xsiscrm.users' doesn't exist. The SQL statement executed was: SHOW COLUMNS FROM `users`.
in C:\xampp\htdocs\xsiscrm\protected\modules\user\models\User.php (28)
in C:\xampp\htdocs\xsiscrm\protected\modules\user\components\UserIdentity.php (27)
in C:\xampp\htdocs\xsiscrm\protected\models\LoginForm.php (52)
2013/02/12 02:13:11 [error] [exception.CDbException] exception 'CDbException' with message 'The table "{{users}}" for active record class "User" cannot be found in the database.' in C:\xampp\htdocs\yii\framework\db\ar\CActiveRecord.php:2312
Stack trace:
#0 C:\xampp\htdocs\yii\framework\db\ar\CActiveRecord.php(388): CActiveRecordMetaData->__construct(Object(User))
#1 C:\xampp\htdocs\xsiscrm\protected\modules\user\models\User.php(28): CActiveRecord::model('User')
#2 C:\xampp\htdocs\xsiscrm\protected\modules\user\components\UserIdentity.php(27): User::model()
#3 C:\xampp\htdocs\xsiscrm\protected\models\LoginForm.php(52): UserIdentity->authenticate()
#4 C:\xampp\htdocs\yii\framework\validators\CInlineValidator.php(43): LoginForm->authenticate('password', Array)
#5 C:\xampp\htdocs\yii\framework\validators\CValidator.php(214): CInlineValidator->validateAttribute(Object(LoginForm), 'password')
#6 C:\xampp\htdocs\yii\framework\base\CModel.php(158): CValidator->validate(Object(LoginForm), NULL)
#7 C:\xampp\htdocs\xsiscrm\protected\controllers\SiteController.php(95): CModel->validate()
#8 C:\xampp\htdocs\yii\framework\web\actions\CInlineAction.php(50): SiteController->actionLogin()
#9 C:\xampp\htdocs\yii\framework\web\CController.php(309): CInlineAction->runWithParams(Array)
#10 C:\xampp\htdocs\yii\framework\web\CController.php(287): CController->runAction(Object(CInlineAction))
#11 C:\xampp\htdocs\yii\framework\web\CController.php(266): CController->runActionWithFilters(Object(CInlineAction), Array)
#12 C:\xampp\htdocs\yii\framework\web\CWebApplication.php(283): CController->run('login')
#13 C:\xampp\htdocs\yii\framework\web\CWebApplication.php(142): CWebApplication->runController('site/login')
#14 C:\xampp\htdocs\yii\framework\base\CApplication.php(162): CWebApplication->processRequest()
#15 C:\xampp\htdocs\xsiscrm\index.php(13): CApplication->run()
#16 {main}
REQUEST_URI=/xsiscrm/index.php/site/login
HTTP_REFERER=http://localhost/xsiscrm/index.php/site/login
---
2013/02/12 02:25:54 [error] [system.db.CDbCommand] CDbCommand::fetchAll() failed: SQLSTATE[42S02]: Base table or view not found: 1146 Table 'xsiscrm.users' doesn't exist. The SQL statement executed was: SHOW COLUMNS FROM `users`.
in C:\xampp\htdocs\xsiscrm\protected\modules\user\controllers\DefaultController.php (18)
in C:\xampp\htdocs\xsiscrm\index.php (13)
2013/02/12 02:25:54 [error] [exception.CDbException] exception 'CDbException' with message 'The table "{{users}}" for active record class "User" cannot be found in the database.' in C:\xampp\htdocs\yii\framework\db\ar\CActiveRecord.php:2312
Stack trace:
#0 C:\xampp\htdocs\yii\framework\db\ar\CActiveRecord.php(388): CActiveRecordMetaData->__construct(Object(User))
#1 C:\xampp\htdocs\yii\framework\web\CActiveDataProvider.php(75): CActiveRecord::model('User')
#2 C:\xampp\htdocs\xsiscrm\protected\modules\user\controllers\DefaultController.php(18): CActiveDataProvider->__construct('User', Array)
#3 C:\xampp\htdocs\yii\framework\web\actions\CInlineAction.php(50): DefaultController->actionIndex()
#4 C:\xampp\htdocs\yii\framework\web\CController.php(309): CInlineAction->runWithParams(Array)
#5 C:\xampp\htdocs\yii\framework\web\CController.php(287): CController->runAction(Object(CInlineAction))
#6 C:\xampp\htdocs\yii\framework\web\CController.php(266): CController->runActionWithFilters(Object(CInlineAction), Array)
#7 C:\xampp\htdocs\yii\framework\web\CWebApplication.php(283): CController->run('')
#8 C:\xampp\htdocs\yii\framework\web\CWebApplication.php(142): CWebApplication->runController('user')
#9 C:\xampp\htdocs\yii\framework\base\CApplication.php(162): CWebApplication->processRequest()
#10 C:\xampp\htdocs\xsiscrm\index.php(13): CApplication->run()
#11 {main}
REQUEST_URI=/xsiscrm/index.php/user
---
2013/02/12 02:26:47 [error] [system.db.CDbCommand] CDbCommand::fetchAll() failed: SQLSTATE[42S02]: Base table or view not found: 1146 Table 'xsiscrm.users' doesn't exist. The SQL statement executed was: SHOW COLUMNS FROM `users`.
in C:\xampp\htdocs\xsiscrm\protected\modules\user\controllers\DefaultController.php (18)
in C:\xampp\htdocs\xsiscrm\index.php (13)
2013/02/12 02:26:47 [error] [exception.CDbException] exception 'CDbException' with message 'The table "{{users}}" for active record class "User" cannot be found in the database.' in C:\xampp\htdocs\yii\framework\db\ar\CActiveRecord.php:2312
Stack trace:
#0 C:\xampp\htdocs\yii\framework\db\ar\CActiveRecord.php(388): CActiveRecordMetaData->__construct(Object(User))
#1 C:\xampp\htdocs\yii\framework\web\CActiveDataProvider.php(75): CActiveRecord::model('User')
#2 C:\xampp\htdocs\xsiscrm\protected\modules\user\controllers\DefaultController.php(18): CActiveDataProvider->__construct('User', Array)
#3 C:\xampp\htdocs\yii\framework\web\actions\CInlineAction.php(50): DefaultController->actionIndex()
#4 C:\xampp\htdocs\yii\framework\web\CController.php(309): CInlineAction->runWithParams(Array)
#5 C:\xampp\htdocs\yii\framework\web\CController.php(287): CController->runAction(Object(CInlineAction))
#6 C:\xampp\htdocs\yii\framework\web\CController.php(266): CController->runActionWithFilters(Object(CInlineAction), Array)
#7 C:\xampp\htdocs\yii\framework\web\CWebApplication.php(283): CController->run('')
#8 C:\xampp\htdocs\yii\framework\web\CWebApplication.php(142): CWebApplication->runController('user')
#9 C:\xampp\htdocs\yii\framework\base\CApplication.php(162): CWebApplication->processRequest()
#10 C:\xampp\htdocs\xsiscrm\index.php(13): CApplication->run()
#11 {main}
REQUEST_URI=/xsiscrm/index.php/user
---
2013/02/12 02:26:52 [error] [system.db.CDbCommand] CDbCommand::fetchAll() failed: SQLSTATE[42S02]: Base table or view not found: 1146 Table 'xsiscrm.users' doesn't exist. The SQL statement executed was: SHOW COLUMNS FROM `users`.
in C:\xampp\htdocs\xsiscrm\protected\modules\user\controllers\DefaultController.php (18)
in C:\xampp\htdocs\xsiscrm\index.php (13)
2013/02/12 02:26:52 [error] [exception.CDbException] exception 'CDbException' with message 'The table "{{users}}" for active record class "User" cannot be found in the database.' in C:\xampp\htdocs\yii\framework\db\ar\CActiveRecord.php:2312
Stack trace:
#0 C:\xampp\htdocs\yii\framework\db\ar\CActiveRecord.php(388): CActiveRecordMetaData->__construct(Object(User))
#1 C:\xampp\htdocs\yii\framework\web\CActiveDataProvider.php(75): CActiveRecord::model('User')
#2 C:\xampp\htdocs\xsiscrm\protected\modules\user\controllers\DefaultController.php(18): CActiveDataProvider->__construct('User', Array)
#3 C:\xampp\htdocs\yii\framework\web\actions\CInlineAction.php(50): DefaultController->actionIndex()
#4 C:\xampp\htdocs\yii\framework\web\CController.php(309): CInlineAction->runWithParams(Array)
#5 C:\xampp\htdocs\yii\framework\web\CController.php(287): CController->runAction(Object(CInlineAction))
#6 C:\xampp\htdocs\yii\framework\web\CController.php(266): CController->runActionWithFilters(Object(CInlineAction), Array)
#7 C:\xampp\htdocs\yii\framework\web\CWebApplication.php(283): CController->run('')
#8 C:\xampp\htdocs\yii\framework\web\CWebApplication.php(142): CWebApplication->runController('user')
#9 C:\xampp\htdocs\yii\framework\base\CApplication.php(162): CWebApplication->processRequest()
#10 C:\xampp\htdocs\xsiscrm\index.php(13): CApplication->run()
#11 {main}
REQUEST_URI=/xsiscrm/index.php/user
---
2013/02/12 02:26:56 [error] [exception.CHttpException.404] exception 'CHttpException' with message 'Unable to resolve the request "login".' in C:\xampp\htdocs\yii\framework\web\CWebApplication.php:287
Stack trace:
#0 C:\xampp\htdocs\yii\framework\web\CWebApplication.php(142): CWebApplication->runController('login')
#1 C:\xampp\htdocs\yii\framework\base\CApplication.php(162): CWebApplication->processRequest()
#2 C:\xampp\htdocs\xsiscrm\index.php(13): CApplication->run()
#3 {main}
REQUEST_URI=/xsiscrm/index.php/login
---
2013/02/12 02:27:11 [error] [system.db.CDbCommand] CDbCommand::fetchAll() failed: SQLSTATE[42S02]: Base table or view not found: 1146 Table 'xsiscrm.users' doesn't exist. The SQL statement executed was: SHOW COLUMNS FROM `users`.
in C:\xampp\htdocs\xsiscrm\protected\modules\user\models\User.php (28)
in C:\xampp\htdocs\xsiscrm\protected\modules\user\components\UserIdentity.php (27)
in C:\xampp\htdocs\xsiscrm\protected\models\LoginForm.php (52)
2013/02/12 02:27:11 [error] [exception.CDbException] exception 'CDbException' with message 'The table "{{users}}" for active record class "User" cannot be found in the database.' in C:\xampp\htdocs\yii\framework\db\ar\CActiveRecord.php:2312
Stack trace:
#0 C:\xampp\htdocs\yii\framework\db\ar\CActiveRecord.php(388): CActiveRecordMetaData->__construct(Object(User))
#1 C:\xampp\htdocs\xsiscrm\protected\modules\user\models\User.php(28): CActiveRecord::model('User')
#2 C:\xampp\htdocs\xsiscrm\protected\modules\user\components\UserIdentity.php(27): User::model()
#3 C:\xampp\htdocs\xsiscrm\protected\models\LoginForm.php(52): UserIdentity->authenticate()
#4 C:\xampp\htdocs\yii\framework\validators\CInlineValidator.php(43): LoginForm->authenticate('password', Array)
#5 C:\xampp\htdocs\yii\framework\validators\CValidator.php(214): CInlineValidator->validateAttribute(Object(LoginForm), 'password')
#6 C:\xampp\htdocs\yii\framework\base\CModel.php(158): CValidator->validate(Object(LoginForm), NULL)
#7 C:\xampp\htdocs\xsiscrm\protected\controllers\SiteController.php(95): CModel->validate()
#8 C:\xampp\htdocs\yii\framework\web\actions\CInlineAction.php(50): SiteController->actionLogin()
#9 C:\xampp\htdocs\yii\framework\web\CController.php(309): CInlineAction->runWithParams(Array)
#10 C:\xampp\htdocs\yii\framework\web\CController.php(287): CController->runAction(Object(CInlineAction))
#11 C:\xampp\htdocs\yii\framework\web\CController.php(266): CController->runActionWithFilters(Object(CInlineAction), Array)
#12 C:\xampp\htdocs\yii\framework\web\CWebApplication.php(283): CController->run('login')
#13 C:\xampp\htdocs\yii\framework\web\CWebApplication.php(142): CWebApplication->runController('site/login')
#14 C:\xampp\htdocs\yii\framework\base\CApplication.php(162): CWebApplication->processRequest()
#15 C:\xampp\htdocs\xsiscrm\index.php(13): CApplication->run()
#16 {main}
REQUEST_URI=/xsiscrm/index.php/site/login
HTTP_REFERER=http://localhost/xsiscrm/index.php/site/login
---
2013/02/12 02:34:46 [error] [system.db.CDbCommand] CDbCommand::fetchAll() failed: SQLSTATE[42S02]: Base table or view not found: 1146 Table 'xsiscrm.users' doesn't exist. The SQL statement executed was: SHOW COLUMNS FROM `users`.
in C:\xampp\htdocs\xsiscrm\protected\modules\user\models\User.php (28)
in C:\xampp\htdocs\xsiscrm\protected\modules\user\components\UserIdentity.php (27)
in C:\xampp\htdocs\xsiscrm\protected\models\LoginForm.php (52)
2013/02/12 02:34:46 [error] [exception.CDbException] exception 'CDbException' with message 'The table "{{users}}" for active record class "User" cannot be found in the database.' in C:\xampp\htdocs\yii\framework\db\ar\CActiveRecord.php:2312
Stack trace:
#0 C:\xampp\htdocs\yii\framework\db\ar\CActiveRecord.php(388): CActiveRecordMetaData->__construct(Object(User))
#1 C:\xampp\htdocs\xsiscrm\protected\modules\user\models\User.php(28): CActiveRecord::model('User')
#2 C:\xampp\htdocs\xsiscrm\protected\modules\user\components\UserIdentity.php(27): User::model()
#3 C:\xampp\htdocs\xsiscrm\protected\models\LoginForm.php(52): UserIdentity->authenticate()
#4 C:\xampp\htdocs\yii\framework\validators\CInlineValidator.php(43): LoginForm->authenticate('password', Array)
#5 C:\xampp\htdocs\yii\framework\validators\CValidator.php(214): CInlineValidator->validateAttribute(Object(LoginForm), 'password')
#6 C:\xampp\htdocs\yii\framework\base\CModel.php(158): CValidator->validate(Object(LoginForm), NULL)
#7 C:\xampp\htdocs\xsiscrm\protected\controllers\SiteController.php(95): CModel->validate()
#8 C:\xampp\htdocs\yii\framework\web\actions\CInlineAction.php(50): SiteController->actionLogin()
#9 C:\xampp\htdocs\yii\framework\web\CController.php(309): CInlineAction->runWithParams(Array)
#10 C:\xampp\htdocs\yii\framework\web\CController.php(287): CController->runAction(Object(CInlineAction))
#11 C:\xampp\htdocs\yii\framework\web\CController.php(266): CController->runActionWithFilters(Object(CInlineAction), Array)
#12 C:\xampp\htdocs\yii\framework\web\CWebApplication.php(283): CController->run('login')
#13 C:\xampp\htdocs\yii\framework\web\CWebApplication.php(142): CWebApplication->runController('site/login')
#14 C:\xampp\htdocs\yii\framework\base\CApplication.php(162): CWebApplication->processRequest()
#15 C:\xampp\htdocs\xsiscrm\index.php(13): CApplication->run()
#16 {main}
REQUEST_URI=/xsiscrm/index.php/site/login
HTTP_REFERER=http://localhost/xsiscrm/index.php/site/login
---
2013/02/12 02:37:49 [error] [php] A non well formed numeric value encountered (C:\xampp\htdocs\yii\framework\base\CComponent.php(607) : eval()'d code:1)
Stack trace:
#0 C:\xampp\htdocs\yii\framework\zii\widgets\grid\CDataColumn.php(132): CDataColumn->evaluateExpression()
#1 C:\xampp\htdocs\yii\framework\zii\widgets\grid\CGridColumn.php(145): CDataColumn->renderDataCellContent()
#2 C:\xampp\htdocs\yii\framework\zii\widgets\grid\CGridView.php(546): CDataColumn->renderDataCell()
#3 C:\xampp\htdocs\yii\framework\zii\widgets\grid\CGridView.php(517): CGridView->renderTableRow()
#4 C:\xampp\htdocs\yii\framework\zii\widgets\grid\CGridView.php(427): CGridView->renderTableBody()
#5 C:\xampp\htdocs\yii\framework\zii\widgets\CBaseListView.php(161): CGridView->renderItems()
#6 unknown(0): CGridView->renderSection()
#7 C:\xampp\htdocs\yii\framework\zii\widgets\CBaseListView.php(144): preg_replace_callback()
#8 C:\xampp\htdocs\yii\framework\zii\widgets\CBaseListView.php(129): CGridView->renderContent()
#9 C:\xampp\htdocs\yii\framework\web\CBaseController.php(174): CGridView->run()
#10 C:\xampp\htdocs\xsiscrm\protected\modules\user\views\user\index.php(31): DefaultController->widget()
#11 C:\xampp\htdocs\yii\framework\web\CBaseController.php(127): require()
#12 C:\xampp\htdocs\yii\framework\web\CBaseController.php(96): DefaultController->renderInternal()
#13 C:\xampp\htdocs\yii\framework\web\CController.php(870): DefaultController->renderFile()
#14 C:\xampp\htdocs\yii\framework\web\CController.php(783): DefaultController->renderPartial()
#15 C:\xampp\htdocs\xsiscrm\protected\modules\user\controllers\DefaultController.php(22): DefaultController->render()
#16 C:\xampp\htdocs\yii\framework\web\actions\CInlineAction.php(50): DefaultController->actionIndex()
#17 C:\xampp\htdocs\yii\framework\web\CController.php(309): CInlineAction->runWithParams()
#18 C:\xampp\htdocs\yii\framework\web\CController.php(287): DefaultController->runAction()
#19 C:\xampp\htdocs\yii\framework\web\CController.php(266): DefaultController->runActionWithFilters()
#20 C:\xampp\htdocs\yii\framework\web\CWebApplication.php(283): DefaultController->run()
#21 C:\xampp\htdocs\yii\framework\web\CWebApplication.php(142): CWebApplication->runController()
#22 C:\xampp\htdocs\yii\framework\base\CApplication.php(162): CWebApplication->processRequest()
#23 C:\xampp\htdocs\xsiscrm\index.php(13): CWebApplication->run()
REQUEST_URI=/xsiscrm/index.php/user
in C:\xampp\htdocs\xsiscrm\protected\modules\user\views\user\index.php (31)
in C:\xampp\htdocs\xsiscrm\protected\modules\user\controllers\DefaultController.php (22)
in C:\xampp\htdocs\xsiscrm\index.php (13)
2013/02/12 02:41:57 [error] [system.db.CDbCommand] CDbCommand::fetchAll() failed: SQLSTATE[42S02]: Base table or view not found: 1146 Table 'xsiscrm.authassignment' doesn't exist. The SQL statement executed was: SELECT *
FROM `AuthAssignment`
WHERE userid=:userid.
in C:\xampp\htdocs\xsiscrm\protected\modules\rights\components\RAuthorizer.php (341)
in C:\xampp\htdocs\xsiscrm\protected\modules\rights\components\RWebUser.php (21)
in C:\xampp\htdocs\xsiscrm\protected\models\LoginForm.php (71)
2013/02/12 02:41:57 [error] [exception.CDbException] exception 'CDbException' with message 'CDbCommand failed to execute the SQL statement: SQLSTATE[42S02]: Base table or view not found: 1146 Table 'xsiscrm.authassignment' doesn't exist. The SQL statement executed was: SELECT *
FROM `AuthAssignment`
WHERE userid=:userid' in C:\xampp\htdocs\yii\framework\db\CDbCommand.php:528
Stack trace:
#0 C:\xampp\htdocs\yii\framework\db\CDbCommand.php(390): CDbCommand->queryInternal('fetchAll', Array, Array)
#1 C:\xampp\htdocs\yii\framework\web\auth\CDbAuthManager.php(338): CDbCommand->queryAll()
#2 C:\xampp\htdocs\xsiscrm\protected\modules\rights\components\RAuthorizer.php(341): CDbAuthManager->getAuthAssignments('1')
#3 C:\xampp\htdocs\xsiscrm\protected\modules\rights\components\RWebUser.php(21): RAuthorizer->isSuperuser('1')
#4 C:\xampp\htdocs\yii\framework\web\auth\CWebUser.php(239): RWebUser->afterLogin(false)
#5 C:\xampp\htdocs\xsiscrm\protected\models\LoginForm.php(71): CWebUser->login(Object(UserIdentity), 0)
#6 C:\xampp\htdocs\xsiscrm\protected\controllers\SiteController.php(95): LoginForm->login()
#7 C:\xampp\htdocs\yii\framework\web\actions\CInlineAction.php(50): SiteController->actionLogin()
#8 C:\xampp\htdocs\yii\framework\web\CController.php(309): CInlineAction->runWithParams(Array)
#9 C:\xampp\htdocs\yii\framework\web\CController.php(287): CController->runAction(Object(CInlineAction))
#10 C:\xampp\htdocs\yii\framework\web\CController.php(266): CController->runActionWithFilters(Object(CInlineAction), Array)
#11 C:\xampp\htdocs\yii\framework\web\CWebApplication.php(283): CController->run('login')
#12 C:\xampp\htdocs\yii\framework\web\CWebApplication.php(142): CWebApplication->runController('site/login')
#13 C:\xampp\htdocs\yii\framework\base\CApplication.php(162): CWebApplication->processRequest()
#14 C:\xampp\htdocs\xsiscrm\index.php(13): CApplication->run()
#15 {main}
REQUEST_URI=/xsiscrm/index.php/site/login
HTTP_REFERER=http://localhost/xsiscrm/index.php/site/login
---
2013/02/12 06:54:15 [warning] [application] Failed to set unsafe attribute "id" of "Account".
in C:\xampp\htdocs\xsiscrm\protected\controllers\AccountController.php (72)
in C:\xampp\htdocs\xsiscrm\index.php (13)
